#
# A fatal error has been detected by the Java Runtime Environment:
#
#  EXCEPTION_ACCESS_VIOLATION (0xc0000005) at pc=0x0000000180005b00, pid=832, tid=0x00000000000024dc
#
# JRE version: Java(TM) SE Runtime Environment (8.0_131-b11) (build 1.8.0_131-b11)
# Java VM: Java HotSpot(TM) 64-Bit Server VM (25.131-b11 mixed mode windows-amd64 compressed oops)
# Problematic frame:
# C  [rxtxSerial.dll+0x5b00]
#
# Failed to write core dump. Minidumps are not enabled by default on client versions of Windows
#
# If you would like to submit a bug report, please visit:
#   http://bugreport.java.com/bugreport/crash.jsp
# The crash happened outside the Java Virtual Machine in native code.
# See problematic frame for where to report the bug.
#

---------------  T H R E A D  ---------------

Current thread (0x0000000019258000):  JavaThread "Thread-4" [_thread_in_native, id=9436, stack(0x000000001f400000,0x000000001f500000)]

siginfo: ExceptionCode=0xc0000005, reading address 0x000000001f3feae8

Registers:
RAX=0x0000000000000001, RBX=0x0000000000000000, RCX=0x000000018001d4d5, RDX=0xfffffffffffff665
RSP=0x000000001f4feec0, RBP=0x00000000ffffffff, RSI=0x0000000000000000, RDI=0x00000000192581f8
R8 =0x0000000000000002, R9 =0xfffffffffffff63c, R10=0x000000000000005c, R11=0x8101010101010100
R12=0x000000001f3feae0, R13=0x0000000000000001, R14=0x000000001f4ff030, R15=0x0000000000000000
RIP=0x0000000180005b00, EFLAGS=0x0000000000010202

Top of Stack: (sp=0x000000001f4feec0)
0x000000001f4feec0:   0000000000000000 0000000000000000
0x000000001f4feed0:   000000001f4feff0 0000000000000000
0x000000001f4feee0:   0000000019258000 000000001f4ff030
0x000000001f4feef0:   00000000053400f4 000000001f4feff0
0x000000001f4fef00:   ffffffffffffffff 0000000000000001
0x000000001f4fef10:   0000000018a358b8 0000000180005f3f
0x000000001f4fef20:   00000000192581f8 00000000192581f8
0x000000001f4fef30:   0000000000000001 000000001f4fef50
0x000000001f4fef40:   0000000000000001 00000000ffffffff
0x000000001f4fef50:   000000001f4ff128 000000001f4feff0
0x000000001f4fef60:   0000000000000000 000000001f4fef58
0x000000001f4fef70:   00000000165fc8b8 000000001f4fefc8
0x000000001f4fef80:   00000000165fd818 000000001f1db3f0
0x000000001f4fef90:   00000000165fc8e8 0000000000000000
0x000000001f4fefa0:   0000de4625d13aff 0000000000000000
0x000000001f4fefb0:   0000000000000000 000000010020e410 

Instructions: (pc=0x0000000180005b00)
0x0000000180005ae0:   15 23 7a 01 00 48 8d 48 60 e8 3a 5d 00 00 4c 8b
0x0000000180005af0:   e5 8b ac 24 88 00 00 00 44 8b ac 24 80 00 00 00
0x0000000180005b00:   45 8b 74 24 08 41 89 5c 24 08 41 8b fd 85 ed 78
0x0000000180005b10:   09 ff 15 e9 14 01 00 44 8b f8 45 85 ed 7e 4a 90 


Register to memory mapping:

RAX=0x0000000000000001 is an unknown value
RBX=0x0000000000000000 is an unknown value
RCX=0x000000018001d4d5 is an unknown value
RDX=0xfffffffffffff665 is an unknown value
RSP=0x000000001f4feec0 is pointing into the stack for thread: 0x0000000019258000
RBP=0x00000000ffffffff is an unallocated location in the heap
RSI=0x0000000000000000 is an unknown value
RDI=0x00000000192581f8 is an unknown value
R8 =0x0000000000000002 is an unknown value
R9 =0xfffffffffffff63c is an unknown value
R10=0x000000000000005c is an unknown value
R11=0x8101010101010100 is an unknown value
R12=0x000000001f3feae0 is an unknown value
R13=0x0000000000000001 is an unknown value
R14=0x000000001f4ff030 is pointing into the stack for thread: 0x0000000019258000
R15=0x0000000000000000 is an unknown value


Stack: [0x000000001f400000,0x000000001f500000],  sp=0x000000001f4feec0,  free space=1019k
Native frames: (J=compiled Java code, j=interpreted, Vv=VM code, C=native code)
C  [rxtxSerial.dll+0x5b00]
C  [rxtxSerial.dll+0x5f3f]
C  0x00000000053241f9

Java frames: (J=compiled Java code, j=interpreted, Vv=VM code)
J 2103  gnu.io.RXTXPort.readByte()I (0 bytes) @ 0x000000000532417b [0x0000000005324140+0x3b]
J 2102 C1 gnu.io.RXTXPort$SerialInputStream.read()I (167 bytes) @ 0x00000000053404ac [0x000000000533fea0+0x60c]
j  com.peea.mx.FF.Serial.LecturaSer.run()V+25
v  ~StubRoutines::call_stub

---------------  P R O C E S S  ---------------

Java Threads: ( => current thread )
  0x00000000189b1800 JavaThread "Image Fetcher 0" daemon [_thread_blocked, id=10624, stack(0x00000000226a0000,0x00000000227a0000)]
=>0x0000000019258000 JavaThread "Thread-4" [_thread_in_native, id=9436, stack(0x000000001f400000,0x000000001f500000)]
  0x00000000192cc000 JavaThread "TimerQueue" daemon [_thread_blocked, id=1784, stack(0x000000001ef60000,0x000000001f060000)]
  0x0000000004be0800 JavaThread "DestroyJavaVM" [_thread_blocked, id=11128, stack(0x0000000004960000,0x0000000004a60000)]
  0x0000000019292800 JavaThread "D3D Screen Updater" daemon [_thread_blocked, id=8312, stack(0x000000001df50000,0x000000001e050000)]
  0x000000001926a000 JavaThread "Thread-2" [_thread_blocked, id=11224, stack(0x000000001d710000,0x000000001d810000)]
  0x000000001912d800 JavaThread "AWT-EventQueue-0" [_thread_in_native, id=8144, stack(0x000000001d110000,0x000000001d210000)]
  0x00000000190c1000 JavaThread "AWT-Windows" daemon [_thread_in_native, id=5944, stack(0x0000000019b50000,0x0000000019c50000)]
  0x00000000190be000 JavaThread "AWT-Shutdown" [_thread_blocked, id=640, stack(0x0000000019a50000,0x0000000019b50000)]
  0x00000000190bb800 JavaThread "Java2D Disposer" daemon [_thread_blocked, id=2516, stack(0x0000000019950000,0x0000000019a50000)]
  0x000000001880d800 JavaThread "Service Thread" daemon [_thread_blocked, id=9480, stack(0x0000000018cf0000,0x0000000018df0000)]
  0x00000000187f8800 JavaThread "C1 CompilerThread2" daemon [_thread_blocked, id=7072, stack(0x0000000018bf0000,0x0000000018cf0000)]
  0x0000000016ebf000 JavaThread "C2 CompilerThread1" daemon [_thread_blocked, id=9404, stack(0x00000000186f0000,0x00000000187f0000)]
  0x0000000016e72800 JavaThread "C2 CompilerThread0" daemon [_thread_in_native, id=2948, stack(0x00000000185f0000,0x00000000186f0000)]
  0x0000000016e71000 JavaThread "Attach Listener" daemon [_thread_blocked, id=6724, stack(0x00000000184f0000,0x00000000185f0000)]
  0x0000000016e70000 JavaThread "Signal Dispatcher" daemon [_thread_blocked, id=10796, stack(0x00000000183f0000,0x00000000184f0000)]
  0x0000000004cd4800 JavaThread "Finalizer" daemon [_thread_blocked, id=8628, stack(0x00000000180e0000,0x00000000181e0000)]
  0x0000000004cd1000 JavaThread "Reference Handler" daemon [_thread_blocked, id=5352, stack(0x0000000017fe0000,0x00000000180e0000)]

Other Threads:
  0x0000000016e37000 VMThread [stack: 0x0000000017ee0000,0x0000000017fe0000] [id=10504]
  0x0000000018810800 WatcherThread [stack: 0x0000000018df0000,0x0000000018ef0000] [id=10416]

VM state:not at safepoint (normal execution)

VM Mutex/Monitor currently owned by a thread: None

Heap:
 PSYoungGen      total 16896K, used 16881K [0x00000000edb00000, 0x00000000eed80000, 0x0000000100000000)
  eden space 14848K, 100% used [0x00000000edb00000,0x00000000ee980000,0x00000000ee980000)
  from space 2048K, 99% used [0x00000000ee980000,0x00000000eeb7c610,0x00000000eeb80000)
  to   space 2048K, 0% used [0x00000000eeb80000,0x00000000eeb80000,0x00000000eed80000)
 ParOldGen       total 38400K, used 1753K [0x00000000c9000000, 0x00000000cb580000, 0x00000000edb00000)
  object space 38400K, 4% used [0x00000000c9000000,0x00000000c91b6420,0x00000000cb580000)
 Metaspace       used 17778K, capacity 18040K, committed 18432K, reserved 1064960K
  class space    used 2109K, capacity 2232K, committed 2304K, reserved 1048576K

Card table byte_map: [0x00000000140a0000,0x0000000014260000] byte_map_base: 0x0000000013a58000

Marking Bits: (ParMarkBitMap*) 0x0000000067ffc720
 Begin Bits: [0x0000000014790000, 0x0000000015550000)
 End Bits:   [0x0000000015550000, 0x0000000016310000)

Polling page: 0x00000000030a0000

CodeCache: size=245760Kb used=6769Kb max_used=6780Kb free=238990Kb
 bounds [0x0000000004ce0000, 0x0000000005390000, 0x0000000013ce0000]
 total_blobs=2796 nmethods=2196 adapters=512
 compilation: enabled

Compilation events (10 events):
Event: 36.700 Thread 0x00000000187f8800 2115       1       java.lang.Double::doubleValue (5 bytes)
Event: 36.700 Thread 0x00000000187f8800 nmethod 2115 0x000000000533d310 code [0x000000000533d460, 0x000000000533d570]
Event: 36.700 Thread 0x00000000187f8800 2114       3       org.jfree.chart.renderer.AbstractRenderer::isSeriesVisible (43 bytes)
Event: 36.701 Thread 0x00000000187f8800 nmethod 2114 0x0000000005331950 code [0x0000000005331ae0, 0x00000000053320f0]
Event: 36.701 Thread 0x00000000187f8800 2113       1       org.jfree.chart.plot.CategoryPlot::getOrientation (5 bytes)
Event: 36.701 Thread 0x00000000187f8800 nmethod 2113 0x000000000533e210 code [0x000000000533e360, 0x000000000533e470]
Event: 37.022 Thread 0x0000000016e72800 2116       4       java.util.LinkedList::linkLast (59 bytes)
Event: 37.022 Thread 0x0000000016ebf000 2117       4       java.util.LinkedList$ListItr::previous (70 bytes)
Event: 37.025 Thread 0x0000000016ebf000 nmethod 2117 0x000000000532d410 code [0x000000000532d560, 0x000000000532d658]
Event: 37.025 Thread 0x0000000016e72800 nmethod 2116 0x000000000532d0d0 code [0x000000000532d220, 0x000000000532d358]

GC Heap History (2 events):
Event: 5.812 GC heap before
{Heap before GC invocations=1 (full 0):
 PSYoungGen      total 16896K, used 14848K [0x00000000edb00000, 0x00000000eed80000, 0x0000000100000000)
  eden space 14848K, 100% used [0x00000000edb00000,0x00000000ee980000,0x00000000ee980000)
  from space 2048K, 0% used [0x00000000eeb80000,0x00000000eeb80000,0x00000000eed80000)
  to   space 2048K, 0% used [0x00000000ee980000,0x00000000ee980000,0x00000000eeb80000)
 ParOldGen       total 38400K, used 0K [0x00000000c9000000, 0x00000000cb580000, 0x00000000edb00000)
  object space 38400K, 0% used [0x00000000c9000000,0x00000000c9000000,0x00000000cb580000)
 Metaspace       used 15765K, capacity 16046K, committed 16384K, reserved 1062912K
  class space    used 1952K, capacity 2035K, committed 2048K, reserved 1048576K
Event: 5.822 GC heap after
Heap after GC invocations=1 (full 0):
 PSYoungGen      total 16896K, used 2033K [0x00000000edb00000, 0x00000000eed80000, 0x0000000100000000)
  eden space 14848K, 0% used [0x00000000edb00000,0x00000000edb00000,0x00000000ee980000)
  from space 2048K, 99% used [0x00000000ee980000,0x00000000eeb7c610,0x00000000eeb80000)
  to   space 2048K, 0% used [0x00000000eeb80000,0x00000000eeb80000,0x00000000eed80000)
 ParOldGen       total 38400K, used 1753K [0x00000000c9000000, 0x00000000cb580000, 0x00000000edb00000)
  object space 38400K, 4% used [0x00000000c9000000,0x00000000c91b6420,0x00000000cb580000)
 Metaspace       used 15765K, capacity 16046K, committed 16384K, reserved 1062912K
  class space    used 1952K, capacity 2035K, committed 2048K, reserved 1048576K
}

Deoptimization events (10 events):
Event: 1.598 Thread 0x0000000004be0800 Uncommon trap: reason=unstable_if action=reinterpret pc=0x0000000004f13798 method=java.lang.String.indexOf([CII[CIII)I @ 3
Event: 1.603 Thread 0x0000000004be0800 Uncommon trap: reason=bimorphic action=maybe_recompile pc=0x0000000004eef0ac method=java.util.HashMap.getNode(ILjava/lang/Object;)Ljava/util/HashMap$Node; @ 126
Event: 1.603 Thread 0x0000000004be0800 Uncommon trap: reason=bimorphic action=maybe_recompile pc=0x0000000004eef0ac method=java.util.HashMap.getNode(ILjava/lang/Object;)Ljava/util/HashMap$Node; @ 126
Event: 1.603 Thread 0x0000000004be0800 Uncommon trap: reason=bimorphic action=maybe_recompile pc=0x0000000004eef0ac method=java.util.HashMap.getNode(ILjava/lang/Object;)Ljava/util/HashMap$Node; @ 126
Event: 1.603 Thread 0x0000000004be0800 Uncommon trap: reason=bimorphic action=maybe_recompile pc=0x0000000004eef0ac method=java.util.HashMap.getNode(ILjava/lang/Object;)Ljava/util/HashMap$Node; @ 126
Event: 2.923 Thread 0x000000001912d800 Uncommon trap: reason=class_check action=maybe_recompile pc=0x0000000004e72b68 method=java.lang.String.equals(Ljava/lang/Object;)Z @ 8
Event: 2.923 Thread 0x000000001912d800 Uncommon trap: reason=class_check action=maybe_recompile pc=0x0000000004e72b68 method=java.lang.String.equals(Ljava/lang/Object;)Z @ 8
Event: 2.923 Thread 0x000000001912d800 Uncommon trap: reason=class_check action=maybe_recompile pc=0x0000000004e72b68 method=java.lang.String.equals(Ljava/lang/Object;)Z @ 8
Event: 5.604 Thread 0x000000001912d800 Uncommon trap: reason=class_check action=maybe_recompile pc=0x0000000004e72b68 method=java.lang.String.equals(Ljava/lang/Object;)Z @ 8
Event: 5.624 Thread 0x000000001912d800 Uncommon trap: reason=bimorphic action=maybe_recompile pc=0x0000000004f25b74 method=java.util.HashMap.getNode(ILjava/lang/Object;)Ljava/util/HashMap$Node; @ 126

Internal exceptions (10 events):
Event: 0.497 Thread 0x0000000004be0800 Exception <a 'java/security/PrivilegedActionException'> (0x00000000edc0b500) thrown at [C:\re\workspace\8-2-build-windows-amd64-cygwin\jdk8u131\8869\hotspot\src\share\vm\prims\jvm.cpp, line 1390]
Event: 0.518 Thread 0x0000000004be0800 Exception <a 'java/io/FileNotFoundException'> (0x00000000edc13bf0) thrown at [C:\re\workspace\8-2-build-windows-amd64-cygwin\jdk8u131\8869\hotspot\src\share\vm\prims\jni.cpp, line 709]
Event: 0.643 Thread 0x0000000004be0800 Exception <a 'java/lang/NoSuchFieldError': method resolution failed> (0x00000000edce14a0) thrown at [C:\re\workspace\8-2-build-windows-amd64-cygwin\jdk8u131\8869\hotspot\src\share\vm\prims\methodHandles.cpp, line 1146]
Event: 0.649 Thread 0x0000000004be0800 Exception <a 'java/lang/NoSuchFieldError': method resolution failed> (0x00000000edcee870) thrown at [C:\re\workspace\8-2-build-windows-amd64-cygwin\jdk8u131\8869\hotspot\src\share\vm\prims\methodHandles.cpp, line 1146]
Event: 0.754 Thread 0x0000000004be0800 Exception <a 'java/io/FileNotFoundException'> (0x00000000edd83b28) thrown at [C:\re\workspace\8-2-build-windows-amd64-cygwin\jdk8u131\8869\hotspot\src\share\vm\prims\jni.cpp, line 709]
Event: 0.910 Thread 0x0000000004be0800 Implicit null exception at 0x0000000004e584a2 to 0x0000000004e58669
Event: 5.983 Thread 0x000000001912d800 Exception <a 'java/io/FileNotFoundException'> (0x00000000ede75178) thrown at [C:\re\workspace\8-2-build-windows-amd64-cygwin\jdk8u131\8869\hotspot\src\share\vm\prims\jni.cpp, line 709]
Event: 6.095 Thread 0x000000001912d800 Exception <a 'java/io/FileNotFoundException'> (0x00000000ede8bc68) thrown at [C:\re\workspace\8-2-build-windows-amd64-cygwin\jdk8u131\8869\hotspot\src\share\vm\prims\jni.cpp, line 709]
Event: 6.099 Thread 0x000000001912d800 Exception <a 'java/io/FileNotFoundException'> (0x00000000edea2db0) thrown at [C:\re\workspace\8-2-build-windows-amd64-cygwin\jdk8u131\8869\hotspot\src\share\vm\prims\jni.cpp, line 709]
Event: 6.209 Thread 0x000000001912d800 Exception <a 'java/io/FileNotFoundException'> (0x00000000edeb93a8) thrown at [C:\re\workspace\8-2-build-windows-amd64-cygwin\jdk8u131\8869\hotspot\src\share\vm\prims\jni.cpp, line 709]

Events (10 events):
Event: 34.584 Thread 0x0000000016e72800 flushing nmethod 0x0000000004de9bd0
Event: 34.584 Thread 0x0000000016e72800 flushing nmethod 0x0000000004dea090
Event: 34.584 Thread 0x0000000016e72800 flushing nmethod 0x0000000004df4a50
Event: 34.584 Thread 0x0000000016e72800 flushing nmethod 0x0000000004e0c310
Event: 35.076 Thread 0x0000000016ebf000 flushing nmethod 0x0000000004e58310
Event: 35.076 Thread 0x0000000016ebf000 flushing nmethod 0x0000000004e66210
Event: 35.083 Thread 0x00000000187f8800 flushing nmethod 0x0000000004e89a50
Event: 35.083 Thread 0x00000000187f8800 flushing nmethod 0x0000000004e8a1d0
Event: 35.083 Thread 0x00000000187f8800 flushing nmethod 0x0000000004e98b50
Event: 36.983 Thread 0x00000000194c4000 Thread exited: 0x00000000194c4000


Dynamic libraries:
0x00007ff6cdd10000 - 0x00007ff6cdd47000 	C:\Program Files\Java\jdk1.8.0_131\bin\java.exe
0x00007ffe4e3b0000 - 0x00007ffe4e590000 	C:\WINDOWS\SYSTEM32\ntdll.dll
0x00007ffe4db10000 - 0x00007ffe4dbbe000 	C:\WINDOWS\System32\KERNEL32.DLL
0x00007ffe4b0f0000 - 0x00007ffe4b356000 	C:\WINDOWS\System32\KERNELBASE.dll
0x00007ffe4d020000 - 0x00007ffe4d0c1000 	C:\WINDOWS\System32\ADVAPI32.dll
0x00007ffe4df30000 - 0x00007ffe4dfcd000 	C:\WINDOWS\System32\msvcrt.dll
0x00007ffe4dda0000 - 0x00007ffe4ddfb000 	C:\WINDOWS\System32\sechost.dll
0x00007ffe4de00000 - 0x00007ffe4df1f000 	C:\WINDOWS\System32\RPCRT4.dll
0x00007ffe4ce90000 - 0x00007ffe4d01f000 	C:\WINDOWS\System32\USER32.dll
0x00007ffe4b360000 - 0x00007ffe4b380000 	C:\WINDOWS\System32\win32u.dll
0x00007ffe4d1e0000 - 0x00007ffe4d208000 	C:\WINDOWS\System32\GDI32.dll
0x00007ffe4b510000 - 0x00007ffe4b6a3000 	C:\WINDOWS\System32\gdi32full.dll
0x00007ffe4a900000 - 0x00007ffe4a99b000 	C:\WINDOWS\System32\msvcp_win.dll
0x00007ffe4a7b0000 - 0x00007ffe4a8a6000 	C:\WINDOWS\System32\ucrtbase.dll
0x00007ffe3e210000 - 0x00007ffe3e479000 	C:\WINDOWS\WinSxS\amd64_microsoft.windows.common-controls_6595b64144ccf1df_6.0.16299.248_none_15ced204935f55d7\COMCTL32.dll
0x00007ffe4d2b0000 - 0x00007ffe4d5b8000 	C:\WINDOWS\System32\combase.dll
0x00007ffe4b3e0000 - 0x00007ffe4b452000 	C:\WINDOWS\System32\bcryptPrimitives.dll
0x00007ffe4e350000 - 0x00007ffe4e37d000 	C:\WINDOWS\System32\IMM32.DLL
0x0000000067700000 - 0x00000000677d2000 	C:\Program Files\Java\jdk1.8.0_131\jre\bin\msvcr100.dll
0x00000000677e0000 - 0x000000006807c000 	C:\Program Files\Java\jdk1.8.0_131\jre\bin\server\jvm.dll
0x00007ffe4da10000 - 0x00007ffe4da18000 	C:\WINDOWS\System32\PSAPI.DLL
0x00007ffe448c0000 - 0x00007ffe448c9000 	C:\WINDOWS\SYSTEM32\WSOCK32.dll
0x00007ffe4da40000 - 0x00007ffe4daac000 	C:\WINDOWS\System32\WS2_32.dll
0x00007ffe46be0000 - 0x00007ffe46c03000 	C:\WINDOWS\SYSTEM32\WINMM.dll
0x00007ffe444a0000 - 0x00007ffe444aa000 	C:\WINDOWS\SYSTEM32\VERSION.dll
0x00007ffe46b70000 - 0x00007ffe46b9a000 	C:\WINDOWS\SYSTEM32\WINMMBASE.dll
0x00007ffe4a8b0000 - 0x00007ffe4a8fa000 	C:\WINDOWS\System32\cfgmgr32.dll
0x00000000676b0000 - 0x00000000676bf000 	C:\Program Files\Java\jdk1.8.0_131\jre\bin\verify.dll
0x0000000067680000 - 0x00000000676a9000 	C:\Program Files\Java\jdk1.8.0_131\jre\bin\java.dll
0x0000000067660000 - 0x0000000067676000 	C:\Program Files\Java\jdk1.8.0_131\jre\bin\zip.dll
0x00007ffe4ba50000 - 0x00007ffe4ce86000 	C:\WINDOWS\System32\SHELL32.dll
0x00007ffe4e170000 - 0x00007ffe4e216000 	C:\WINDOWS\System32\shcore.dll
0x00007ffe4a9a0000 - 0x00007ffe4b0e7000 	C:\WINDOWS\System32\windows.storage.dll
0x00007ffe4dd40000 - 0x00007ffe4dd91000 	C:\WINDOWS\System32\shlwapi.dll
0x00007ffe4a770000 - 0x00007ffe4a781000 	C:\WINDOWS\System32\kernel.appcore.dll
0x00007ffe4a700000 - 0x00007ffe4a74c000 	C:\WINDOWS\System32\powrprof.dll
0x00007ffe4a790000 - 0x00007ffe4a7ab000 	C:\WINDOWS\System32\profapi.dll
0x0000000066880000 - 0x0000000066a18000 	C:\Program Files\Java\jdk1.8.0_131\jre\bin\awt.dll
0x00007ffe4e220000 - 0x00007ffe4e2e5000 	C:\WINDOWS\System32\OLEAUT32.dll
0x00007ffe487b0000 - 0x00007ffe48838000 	C:\WINDOWS\SYSTEM32\apphelp.dll
0x00007ffe48fb0000 - 0x00007ffe48fda000 	C:\WINDOWS\system32\DWMAPI.DLL
0x00007ffe48a20000 - 0x00007ffe48ab5000 	C:\WINDOWS\system32\uxtheme.dll
0x00007ffe0f840000 - 0x00007ffe0f95e000 	C:\WINDOWS\system32\opengl32.dll
0x00007ffe264f0000 - 0x00007ffe2651c000 	C:\WINDOWS\SYSTEM32\GLU32.dll
0x00007ffe4dbd0000 - 0x00007ffe4dd37000 	C:\WINDOWS\System32\MSCTF.dll
0x00007ffe4b880000 - 0x00007ffe4b9c9000 	C:\WINDOWS\System32\ole32.dll
0x00007ffe12470000 - 0x00007ffe12605000 	C:\WINDOWS\system32\d3d9.dll
0x00007ffe444b0000 - 0x00007ffe44631000 	C:\WINDOWS\System32\DriverStore\FileRepository\c0315087.inf_amd64_a27f9e273e87a888\aticfx64.dll
0x00007ffe3b5b0000 - 0x00007ffe3b5d9000 	C:\WINDOWS\System32\DriverStore\FileRepository\c0315087.inf_amd64_a27f9e273e87a888\atiu9p64.dll
0x00007ffdf8990000 - 0x00007ffdf92c4000 	C:\WINDOWS\System32\DriverStore\FileRepository\c0315087.inf_amd64_a27f9e273e87a888\atiumd64.dll
0x0000000066a60000 - 0x000000006765b000 	C:\WINDOWS\System32\DriverStore\FileRepository\c0315087.inf_amd64_a27f9e273e87a888\atiumd6a.dll
0x0000000066830000 - 0x0000000066877000 	C:\Program Files\Java\jdk1.8.0_131\jre\bin\fontmanager.dll
0x0000000066a40000 - 0x0000000066a5a000 	C:\Program Files\Java\jdk1.8.0_131\jre\bin\net.dll
0x00007ffe49f90000 - 0x00007ffe49ff6000 	C:\WINDOWS\system32\mswsock.dll
0x0000000066a20000 - 0x0000000066a31000 	C:\Program Files\Java\jdk1.8.0_131\jre\bin\nio.dll
0x00000000667e0000 - 0x0000000066822000 	C:\Program Files\Java\jdk1.8.0_131\jre\bin\t2k.dll
0x00007ffe4a150000 - 0x00007ffe4a167000 	C:\WINDOWS\SYSTEM32\CRYPTSP.dll
0x00007ffe49ba0000 - 0x00007ffe49bd3000 	C:\WINDOWS\system32\rsaenh.dll
0x00007ffe4a260000 - 0x00007ffe4a285000 	C:\WINDOWS\SYSTEM32\bcrypt.dll
0x00007ffe4a600000 - 0x00007ffe4a629000 	C:\WINDOWS\SYSTEM32\USERENV.dll
0x00007ffe4a170000 - 0x00007ffe4a17b000 	C:\WINDOWS\SYSTEM32\CRYPTBASE.dll
0x00007ffe49d20000 - 0x00007ffe49d59000 	C:\WINDOWS\SYSTEM32\IPHLPAPI.DLL
0x00007ffe4df20000 - 0x00007ffe4df28000 	C:\WINDOWS\System32\NSI.dll
0x00007ffe43700000 - 0x00007ffe43716000 	C:\WINDOWS\SYSTEM32\dhcpcsvc6.DLL
0x00007ffe436e0000 - 0x00007ffe436fa000 	C:\WINDOWS\SYSTEM32\dhcpcsvc.DLL
0x00007ffe4d210000 - 0x00007ffe4d2ae000 	C:\WINDOWS\System32\clbcatq.dll
0x00007ffe45a70000 - 0x00007ffe45c1b000 	C:\WINDOWS\SYSTEM32\WindowsCodecs.dll
0x00007ffe23b10000 - 0x00007ffe23b5f000 	C:\WINDOWS\system32\dataexchange.dll
0x00007ffe478f0000 - 0x00007ffe47bd2000 	C:\WINDOWS\system32\d3d11.dll
0x00007ffe48280000 - 0x00007ffe483c2000 	C:\WINDOWS\system32\dcomp.dll
0x00007ffe49570000 - 0x00007ffe4961f000 	C:\WINDOWS\system32\dxgi.dll
0x00007ffe490f0000 - 0x00007ffe4926b000 	C:\WINDOWS\system32\twinapi.appcore.dll
0x00007ffe490a0000 - 0x00007ffe490c0000 	C:\WINDOWS\system32\RMCLIENT.dll
0x00007ffe40e10000 - 0x00007ffe40ea8000 	C:\WINDOWS\System32\TextInputFramework.dll
0x00007ffe45650000 - 0x00007ffe4593e000 	C:\WINDOWS\System32\CoreUIComponents.dll
0x00007ffe481a0000 - 0x00007ffe4827c000 	C:\WINDOWS\System32\CoreMessaging.dll
0x00007ffe49840000 - 0x00007ffe49871000 	C:\WINDOWS\SYSTEM32\ntmarta.dll
0x00007ffe46700000 - 0x00007ffe46836000 	C:\WINDOWS\SYSTEM32\wintypes.dll
0x0000000180000000 - 0x0000000180025000 	C:\Program Files\Java\jdk1.8.0_131\jre\bin\rxtxSerial.dll
0x00000000666d0000 - 0x00000000666fa000 	C:\Program Files\Java\jdk1.8.0_131\jre\bin\dcpr.dll
0x00007ffe3d280000 - 0x00007ffe3d448000 	C:\WINDOWS\SYSTEM32\dbghelp.dll

VM Arguments:
jvm_args: -Dfile.encoding=UTF-8 
java_command: com.peea.mx.FF.ejecutables.ejecutableMain
java_class_path (initial): C:\Users\Sistemas\Documents\NetBeansProjects\FieltrosFinos\jfreechart-1.0.19\jfreechart-1.0.19-demo.jar;C:\Users\Sistemas\Documents\NetBeansProjects\FieltrosFinos\jfreechart-1.0.19;C:\Users\Sistemas\Documents\NetBeansProjects\FieltrosFinos\jfreechart-1.0.19\lib\jcommon-1.0.23.jar;C:\Users\Sistemas\Documents\NetBeansProjects\FieltrosFinos\jfreechart-1.0.19\lib\jfreechart-1.0.19.jar;C:\Users\Sistemas\Documents\NetBeansProjects\FieltrosFinos\build\classes
Launcher Type: SUN_STANDARD

Environment Variables:
PATH=C:\ProgramData\Oracle\Java\javapath;C:\WINDOWS\system32;C:\WINDOWS;C:\WINDOWS\System32\Wbem;C:\WINDOWS\System32\WindowsPowerShell\v1.0\;C:\Program Files\MySQL\MySQL Utilities 1.6\;C:\Program Files (x86)\Aspel\Aspel-SAE 7.0\;C:\Program Files (x86)\Firebird\Firebird_2_5\bin\;C:\Program Files\Microsoft SQL Server\Client SDK\ODBC\130\Tools\Binn\;C:\Program Files (x86)\Microsoft SQL Server\140\Tools\Binn\;C:\Program Files\Microsoft SQL Server\140\Tools\Binn\;C:\Program Files\Microsoft SQL Server\140\DTS\Binn\;C:\Program Files (x86)\Microsoft SQL Server\Client SDK\ODBC\130\Tools\Binn\;C:\Program Files (x86)\Microsoft SQL Server\140\DTS\Binn\;C:\Program Files (x86)\Microsoft SQL Server\140\Tools\Binn\ManagementStudio\;C:\Program Files\dotnet\;C:\Users\Sistemas\AppData\Local\Microsoft\WindowsApps;
USERNAME=Sistemas
OS=Windows_NT
PROCESSOR_IDENTIFIER=AMD64 Family 22 Model 48 Stepping 1, AuthenticAMD



---------------  S Y S T E M  ---------------

OS: Windows 10.0 , 64 bit Build 16299 (10.0.16299.15)

CPU:total 4 (initial active 4) (4 cores per cpu, 1 threads per core) family 22 model 48 stepping 1, cmov, cx8, fxsr, mmx, sse, sse2, sse3, ssse3, sse4.1, sse4.2, popcnt, avx, aes, clmul, mmxext, 3dnowpref, lzcnt, sse4a, tsc, tscinvbit, tscinv, bmi1

Memory: 4k page, physical 3600968k(725856k free), swap 8057416k(2503384k free)

vm_info: Java HotSpot(TM) 64-Bit Server VM (25.131-b11) for windows-amd64 JRE (1.8.0_131-b11), built on Mar 15 2017 01:23:53 by "java_re" with MS VC++ 10.0 (VS2010)

time: Fri Apr 27 11:32:31 2018
elapsed time: 37 seconds (0d 0h 0m 37s)

